2024-08-25 13:41:44 INFO  Utils:112 - [TestNG] Running:
  D:\workplace\opencartv121\grid-docker.xml

2024-08-25 13:42:10 INFO  TC001_AccountRegistrationTest:14 - ***** Starting TC001_AccountRegistrationTest  ****
2024-08-25 13:42:10 INFO  TC001_AccountRegistrationTest:19 - Clicked on MyAccount Link.. 
2024-08-25 13:42:12 INFO  TC001_AccountRegistrationTest:22 - Clicked on Register Link.. 
2024-08-25 13:42:12 INFO  TC001_AccountRegistrationTest:26 - Providing customer details...
2024-08-25 13:42:15 INFO  TC001_AccountRegistrationTest:40 - Validating expected message..
2024-08-25 13:42:15 INFO  TC001_AccountRegistrationTest:54 - Test passed
2024-08-25 13:42:15 INFO  TC001_AccountRegistrationTest:59 - ***** Finished TC001_AccountRegistrationTest *****
2024-08-25 13:42:20 INFO  TC002_LoginTest:15 - ****** Startign TC_002_LoginTest *****
2024-08-25 13:42:22 INFO  TC002_LoginTest:37 - ****** Finished TC_002_LoginTest *****
2024-08-25 13:43:47 INFO  Utils:112 - [TestNG] Running:
  D:\workplace\opencartv121\grid-docker.xml

2024-08-25 13:43:56 INFO  TC001_AccountRegistrationTest:14 - ***** Starting TC001_AccountRegistrationTest  ****
2024-08-25 13:43:57 INFO  TC001_AccountRegistrationTest:19 - Clicked on MyAccount Link.. 
2024-08-25 13:43:58 INFO  TC001_AccountRegistrationTest:22 - Clicked on Register Link.. 
2024-08-25 13:43:58 INFO  TC001_AccountRegistrationTest:26 - Providing customer details...
2024-08-25 13:43:59 INFO  TC001_AccountRegistrationTest:40 - Validating expected message..
2024-08-25 13:43:59 INFO  TC001_AccountRegistrationTest:54 - Test passed
2024-08-25 13:43:59 INFO  TC001_AccountRegistrationTest:59 - ***** Finished TC001_AccountRegistrationTest *****
2024-08-25 13:44:12 INFO  TC002_LoginTest:15 - ****** Startign TC_002_LoginTest *****
2024-08-25 13:44:14 INFO  TC002_LoginTest:37 - ****** Finished TC_002_LoginTest *****
2024-08-25 13:46:33 INFO  Utils:112 - [TestNG] Running:
  D:\workplace\opencartv121\grid-docker.xml

2024-08-25 13:46:39 INFO  TC001_AccountRegistrationTest:14 - ***** Starting TC001_AccountRegistrationTest  ****
2024-08-25 13:46:39 INFO  TC001_AccountRegistrationTest:19 - Clicked on MyAccount Link.. 
2024-08-25 13:46:40 INFO  TC001_AccountRegistrationTest:22 - Clicked on Register Link.. 
2024-08-25 13:46:40 INFO  TC001_AccountRegistrationTest:26 - Providing customer details...
2024-08-25 13:46:42 INFO  TC001_AccountRegistrationTest:40 - Validating expected message..
2024-08-25 13:46:42 INFO  TC001_AccountRegistrationTest:54 - Test passed
2024-08-25 13:46:42 INFO  TC001_AccountRegistrationTest:59 - ***** Finished TC001_AccountRegistrationTest *****
2024-08-25 13:46:46 INFO  TC002_LoginTest:15 - ****** Startign TC_002_LoginTest *****
2024-08-25 13:46:48 INFO  TC002_LoginTest:37 - ****** Finished TC_002_LoginTest *****
2024-08-25 13:46:58 INFO  TC001_AccountRegistrationTest:14 - ***** Starting TC001_AccountRegistrationTest  ****
2024-08-25 13:46:58 INFO  TC001_AccountRegistrationTest:19 - Clicked on MyAccount Link.. 
2024-08-25 13:47:01 INFO  TC001_AccountRegistrationTest:22 - Clicked on Register Link.. 
2024-08-25 13:47:01 INFO  TC001_AccountRegistrationTest:26 - Providing customer details...
2024-08-25 13:47:02 INFO  TC001_AccountRegistrationTest:40 - Validating expected message..
2024-08-25 13:47:02 INFO  TC001_AccountRegistrationTest:54 - Test passed
2024-08-25 13:47:02 INFO  TC001_AccountRegistrationTest:59 - ***** Finished TC001_AccountRegistrationTest *****
2024-08-25 13:47:12 INFO  TC002_LoginTest:15 - ****** Startign TC_002_LoginTest *****
2024-08-25 13:47:14 INFO  TC002_LoginTest:37 - ****** Finished TC_002_LoginTest *****
2024-08-25 14:22:12 INFO  Utils:112 - [TestNG] Running:
  D:\workplace\opencartv121\grid-docker.xml

2024-08-25 14:22:20 INFO  TC001_AccountRegistrationTest:14 - ***** Starting TC001_AccountRegistrationTest  ****
2024-08-25 14:22:20 INFO  TC001_AccountRegistrationTest:19 - Clicked on MyAccount Link.. 
2024-08-25 14:22:21 INFO  TC001_AccountRegistrationTest:22 - Clicked on Register Link.. 
2024-08-25 14:22:21 INFO  TC001_AccountRegistrationTest:26 - Providing customer details...
2024-08-25 14:22:23 INFO  TC001_AccountRegistrationTest:40 - Validating expected message..
2024-08-25 14:22:23 INFO  TC001_AccountRegistrationTest:54 - Test passed
2024-08-25 14:22:23 INFO  TC001_AccountRegistrationTest:59 - ***** Finished TC001_AccountRegistrationTest *****
2024-08-25 14:22:30 INFO  TC002_LoginTest:15 - ****** Startign TC_002_LoginTest *****
2024-08-25 14:22:31 INFO  TC002_LoginTest:37 - ****** Finished TC_002_LoginTest *****
2024-08-25 14:22:43 INFO  TC001_AccountRegistrationTest:14 - ***** Starting TC001_AccountRegistrationTest  ****
2024-08-25 14:22:43 INFO  TC001_AccountRegistrationTest:19 - Clicked on MyAccount Link.. 
2024-08-25 14:22:44 INFO  TC001_AccountRegistrationTest:22 - Clicked on Register Link.. 
2024-08-25 14:22:44 INFO  TC001_AccountRegistrationTest:26 - Providing customer details...
2024-08-25 14:22:46 INFO  TC001_AccountRegistrationTest:40 - Validating expected message..
2024-08-25 14:22:46 INFO  TC001_AccountRegistrationTest:54 - Test passed
2024-08-25 14:22:46 INFO  TC001_AccountRegistrationTest:59 - ***** Finished TC001_AccountRegistrationTest *****
2024-08-25 14:22:56 INFO  TC002_LoginTest:15 - ****** Startign TC_002_LoginTest *****
2024-08-25 14:22:58 INFO  TC002_LoginTest:37 - ****** Finished TC_002_LoginTest *****
2024-08-25 16:10:36 INFO  Utils:112 - [TestNG] Running:
  D:\workplace\opencartv121\grid-docker.xml

2024-08-25 16:10:44 INFO  TC001_AccountRegistrationTest:14 - ***** Starting TC001_AccountRegistrationTest  ****
2024-08-25 16:10:45 INFO  TC001_AccountRegistrationTest:19 - Clicked on MyAccount Link.. 
2024-08-25 16:10:45 INFO  TC001_AccountRegistrationTest:22 - Clicked on Register Link.. 
2024-08-25 16:10:45 INFO  TC001_AccountRegistrationTest:26 - Providing customer details...
2024-08-25 16:10:47 INFO  TC001_AccountRegistrationTest:40 - Validating expected message..
2024-08-25 16:10:47 INFO  TC001_AccountRegistrationTest:54 - Test passed
2024-08-25 16:10:47 INFO  TC001_AccountRegistrationTest:59 - ***** Finished TC001_AccountRegistrationTest *****
2024-08-25 16:10:52 INFO  TC002_LoginTest:15 - ****** Startign TC_002_LoginTest *****
2024-08-25 16:10:54 INFO  TC002_LoginTest:37 - ****** Finished TC_002_LoginTest *****
2024-08-25 16:11:07 INFO  TC001_AccountRegistrationTest:14 - ***** Starting TC001_AccountRegistrationTest  ****
2024-08-25 16:11:07 INFO  TC001_AccountRegistrationTest:19 - Clicked on MyAccount Link.. 
2024-08-25 16:11:08 INFO  TC001_AccountRegistrationTest:22 - Clicked on Register Link.. 
2024-08-25 16:11:08 INFO  TC001_AccountRegistrationTest:26 - Providing customer details...
2024-08-25 16:11:10 INFO  TC001_AccountRegistrationTest:40 - Validating expected message..
2024-08-25 16:11:10 INFO  TC001_AccountRegistrationTest:54 - Test passed
2024-08-25 16:11:10 INFO  TC001_AccountRegistrationTest:59 - ***** Finished TC001_AccountRegistrationTest *****
2024-08-25 16:12:06 INFO  Utils:112 - [TestNG] Running:
  D:\workplace\opencartv121\grid-docker.xml

